<?xml version="1.0" encoding="UTF-8"?>
<!-- Generated by org.testng.reporters.JUnitReportReporter -->
<testsuite hostname="LAPTOP-M23QUF50" failures="0" tests="6" name="com.qa.jupiter.tests.SubmitFormTest" time="49.889" errors="0" timestamp="2021-04-28T17:31:42 BST" skipped="0">
  <testcase classname="com.qa.jupiter.tests.SubmitFormTest" name="clickOnSubmitFormTest" time="9.256"/>
  <system-out/>
  <testcase classname="com.qa.jupiter.tests.SubmitFormTest" name="clickOnSubmitFormTest" time="8.910"/>
  <system-out/>
  <testcase classname="com.qa.jupiter.tests.SubmitFormTest" name="clickOnSubmitFormTest" time="9.649"/>
  <system-out/>
  <testcase classname="com.qa.jupiter.tests.SubmitFormTest" name="clickOnSubmitFormTest" time="9.117"/>
  <system-out/>
  <testcase classname="com.qa.jupiter.tests.SubmitFormTest" name="clickOnSubmitFormTest" time="8.979"/>
  <system-out/>
  <testcase classname="com.qa.jupiter.tests.SubmitFormTest" name="verifyAlertMessage" time="3.978"/>
  <system-out/>
</testsuite> <!-- com.qa.jupiter.tests.SubmitFormTest -->
