<?xml version="1.0" encoding="UTF-8"?>
<!-- Generated by org.testng.reporters.JUnitReportReporter -->
<testsuite hostname="LAPTOP-M23QUF50" failures="0" tests="1" name="com.qa.jupiter.tests.TotalPriceTest" time="39.477" errors="0" timestamp="2021-04-29T09:17:59 BST" skipped="0">
  <testcase classname="com.qa.jupiter.tests.TotalPriceTest" name="clickOnShopLinkTest" time="39.477"/>
  <system-out/>
</testsuite> <!-- com.qa.jupiter.tests.TotalPriceTest -->
