<?xml version="1.0" encoding="UTF-8"?>
<!-- Generated by org.testng.reporters.JUnitReportReporter -->
<testsuite hostname="LAPTOP-M23QUF50" failures="0" tests="6" name="com.qa.jupiter.tests.SubmitFormTest" time="53.123" errors="0" timestamp="2021-04-29T09:17:59 BST" skipped="0">
  <testcase classname="com.qa.jupiter.tests.SubmitFormTest" name="clickOnSubmitFormTest" time="9.870"/>
  <system-out/>
  <testcase classname="com.qa.jupiter.tests.SubmitFormTest" name="clickOnSubmitFormTest" time="9.518"/>
  <system-out/>
  <testcase classname="com.qa.jupiter.tests.SubmitFormTest" name="clickOnSubmitFormTest" time="9.296"/>
  <system-out/>
  <testcase classname="com.qa.jupiter.tests.SubmitFormTest" name="clickOnSubmitFormTest" time="9.484"/>
  <system-out/>
  <testcase classname="com.qa.jupiter.tests.SubmitFormTest" name="clickOnSubmitFormTest" time="10.147"/>
  <system-out/>
  <testcase classname="com.qa.jupiter.tests.SubmitFormTest" name="verifyAlertMessage" time="4.808"/>
  <system-out/>
</testsuite> <!-- com.qa.jupiter.tests.SubmitFormTest -->
