<?xml version="1.0" encoding="UTF-8"?>
<!-- Generated by org.testng.reporters.JUnitReportReporter -->
<testsuite hostname="LAPTOP-M23QUF50" failures="0" tests="1" name="com.qa.jupiter.tests.TotalPriceTest" time="39.772" errors="0" timestamp="2021-04-28T17:31:42 BST" skipped="0">
  <testcase classname="com.qa.jupiter.tests.TotalPriceTest" name="clickOnShopLinkTest" time="39.772"/>
  <system-out>
Product Name and price fetched from UI and saved in HashMap as:{1099=Item Price Quantity Subtotal Actions
Stuffed Frog $10.99 $21.98
Fluffy Bunny $9.99 $49.95
Valentine Bear $14.99 $44.97
Total: 116.9
Check Out Empty Cart}<br>  </system-out>
</testsuite> <!-- com.qa.jupiter.tests.TotalPriceTest -->
