<?xml version="1.0" encoding="UTF-8"?>
<!-- Generated by org.testng.reporters.JUnitReportReporter -->
<testsuite hostname="LAPTOP-M23QUF50" failures="0" tests="1" name="com.qa.jupiter.tests.ShopLinkTest" time="30.613" errors="0" timestamp="2021-04-28T17:31:42 BST" skipped="0">
  <testcase classname="com.qa.jupiter.tests.ShopLinkTest" name="clickOnShopLinkTest" time="30.613"/>
  <system-out/>
</testsuite> <!-- com.qa.jupiter.tests.ShopLinkTest -->
