<?xml version="1.0" encoding="UTF-8"?>
<!-- Generated by org.testng.reporters.JUnitReportReporter -->
<testsuite hostname="LAPTOP-M23QUF50" failures="0" tests="5" name="Toys.HomeTest" time="12.955" errors="0" timestamp="2021-04-26T14:37:32 BST" skipped="0">
  <testcase classname="Toys.HomeTest" name="clickOnContactsLinkTest" time="4.261"/>
  <system-out/>
  <testcase classname="Toys.HomeTest" name="clickOnSubmitFormTest" time="2.257"/>
  <system-out/>
  <testcase classname="Toys.HomeTest" name="verifyAlert" time="2.051"/>
  <system-out/>
  <testcase classname="Toys.HomeTest" name="clickOnShopLinkTest" time="4.195"/>
  <system-out/>
  <testcase classname="Toys.HomeTest" name="verifyCartIsShowingSelectedItems" time="0.191"/>
  <system-out/>
</testsuite> <!-- Toys.HomeTest -->
